[2025-01-11 18:05:52] Cache hit for city: London
[2025-01-11 18:06:02] Cache hit for city: London
[2025-01-11 18:06:20] Cache miss for city: Ierapetra. Fetched fresh data.
[2025-01-11 18:06:35] Cache hit for city: Ierapetra
[2025-01-11 18:21:39] Cache miss for city: Ierapetra. Fetched fresh data.
[2025-01-11 18:23:59] Cache hit for city: Ierapetra
[2025-01-11 18:26:02] Cache hit for city: Ierapetra
[2025-01-11 18:26:35] Cache hit for city: Ierapetra
[2025-01-11 18:26:56] Cache miss for city: Toronto. Fetched fresh data.
[2025-01-11 18:29:07] Cache miss for city: Kalamata. Fetched fresh data.
[2025-01-11 18:38:10] Cache miss for city: Ierapetra. Fetched fresh data.
[2025-01-11 18:38:13] Cache miss for city: Toronto. Fetched fresh data.
[2025-01-11 18:38:14] Cache hit for city: Kalamata
[2025-01-11 18:41:17] Cache hit for city: Toronto
[2025-01-11 18:41:18] Cache hit for city: Ierapetra
[2025-01-11 18:41:19] Cache miss for city: Kalamata. Fetched fresh data.
[2025-01-11 18:44:47] Cache hit for city: Ierapetra
[2025-01-11 18:44:50] Cache hit for city: Toronto
[2025-01-11 18:44:56] Cache hit for city: Kalamata
[2025-01-11 18:45:46] Cache hit for city: Ierapetra
[2025-01-11 18:45:47] Cache hit for city: Toronto
[2025-01-11 18:45:49] Cache hit for city: Kalamata
[2025-01-11 18:45:51] Cache hit for city: Ierapetra
[2025-01-11 18:46:33] Cache hit for city: Kalamata
[2025-01-11 18:46:34] Cache hit for city: Toronto
[2025-01-11 18:46:34] Cache hit for city: Ierapetra
[2025-01-11 18:46:54] Cache hit for city: Ierapetra
[2025-01-11 18:47:01] Cache miss for city: Heraklion. Fetched fresh data.
[2025-01-11 18:47:07] Cache miss for city: Chania. Fetched fresh data.
[2025-01-11 18:47:18] Cache miss for city: Thessaloniki. Fetched fresh data.
[2025-01-11 18:47:40] Cache miss for city: Kozani. Fetched fresh data.
[2025-01-11 18:47:48] Cache miss for city: New+York. Fetched fresh data.
[2025-01-11 18:48:09] Cache miss for city: California. Fetched fresh data.
[2025-01-11 18:48:27] Cache hit for city: California
[2025-01-11 18:49:30] Cache miss for city: Ierapetra. Fetched fresh data.
[2025-01-11 18:49:32] Cache hit for city: California
[2025-01-11 18:50:17] Cache hit for city: Kalamata
[2025-01-11 18:50:22] Cache hit for city: Kalamata
[2025-01-11 18:50:37] Cache hit for city: California
[2025-01-11 18:50:39] Cache hit for city: Kalamata
[2025-01-11 18:50:42] Cache miss for city: Toronto. Fetched fresh data.
[2025-01-11 18:50:44] Cache hit for city: Ierapetra
[2025-01-11 18:50:45] Cache hit for city: Toronto
[2025-01-11 18:51:31] Cache hit for city: Ierapetra
[2025-01-11 20:54:58] Cache miss for city: Naousa. Fetched fresh data.
[2025-01-11 20:55:06] Cache miss for city: California. Fetched fresh data.
[2025-01-11 20:55:08] Cache miss for city: Kalamata. Fetched fresh data.
[2025-01-11 20:55:09] Cache miss for city: Toronto. Fetched fresh data.
[2025-01-11 20:55:11] Cache miss for city: Ierapetra. Fetched fresh data.
[2025-01-11 20:55:16] Cache hit for city: Ierapetra
[2025-01-11 20:55:19] Cache hit for city: Kalamata
[2025-01-11 20:55:20] Cache hit for city: Naousa
[2025-01-11 20:55:21] Cache hit for city: California
[2025-01-11 20:55:21] Cache hit for city: Toronto
[2025-01-11 20:55:22] Cache hit for city: California
[2025-01-11 20:55:30] Cache hit for city: Ierapetra
[2025-01-11 20:55:31] Cache hit for city: Ierapetra
[2025-01-11 20:55:31] Cache hit for city: Toronto
[2025-01-11 20:55:32] Cache hit for city: Kalamata
[2025-01-11 20:55:33] Cache hit for city: California
[2025-01-11 20:55:34] Cache hit for city: Naousa
[2025-01-11 20:55:52] Cache hit for city: Naousa
[2025-01-11 21:01:41] Cache miss for city: Vei. Fetched fresh data.
[2025-01-11 21:01:45] Error fetching data for city: Veiasfaf.
[2025-01-11 21:02:56] Error fetching data for city: asfasfafsf.
[2025-01-11 21:07:09] Error fetching data for city: asfasfsasfafsf.
[2025-01-11 21:07:15] Error fetching data for city: afsfas.
[2025-01-11 21:08:39] Error fetching data for city: %CE%B1%CF%83%CF%86%CE%B1%CF%83%CF%86%CE%B1%CF%83%CF%86.
[2025-01-11 21:10:24] Error fetching data for city: asfasfafasf.
[2025-01-11 21:14:33] No city provided in the request.
[2025-01-11 21:20:57] No city provided in the request.
